2023-10-02T10:11:40.838Z [Bot] [32minfo[39m: Bot is ready!
2023-10-02T10:12:17.288Z [Bot] [32minfo[39m: Bot is ready!
2023-10-02T10:13:25.908Z [Bot] [32minfo[39m: Bot is ready!
2023-10-02T10:13:26.142Z [Bot] [32minfo[39m: Successfully registered application commands.
2023-10-02T10:13:26.142Z [Bot] [32minfo[39m: Bot is ready!
2023-10-02T10:13:46.758Z [Bot] [32minfo[39m: Bot is ready!
2023-10-02T10:14:16.524Z [Bot] [32minfo[39m: Bot is ready!
2023-10-02T10:14:16.555Z [Bot] [33mwarn[39m: Failed to register application commands. Missing GUILD_ID or bot user ID.
2023-10-02T10:14:16.556Z [Bot] [32minfo[39m: Bot is ready!
2023-10-02T10:14:35.061Z [Bot] [32minfo[39m: Bot is ready!
2023-10-02T10:14:35.289Z [Bot] [32minfo[39m: Successfully registered application commands.
2023-10-02T10:14:35.290Z [Bot] [32minfo[39m: Bot is ready!
2023-10-02T10:16:01.469Z [Quinto] [32minfo[39m: Bot is ready!
2023-10-02T10:16:01.672Z [Quinto] [32minfo[39m: Successfully registered application commands.
2023-10-02T10:16:01.673Z [Quinto] [32minfo[39m: Bot is ready!
2023-10-02T11:30:02.393Z [Quinto] [32minfo[39m: Bot is ready!
2023-10-02T11:32:50.656Z [Quinto] [32minfo[39m: Bot is ready!
2023-10-02T11:34:08.428Z [Quinto] [32minfo[39m: Bot is ready!
2023-10-02T11:35:27.335Z [Quinto] [32minfo[39m: Bot is ready!
2023-10-02T11:35:27.537Z [Quinto] [32minfo[39m: Successfully registered application commands.
2023-10-02T11:35:27.538Z [Quinto] [32minfo[39m: Bot is ready!
2023-10-02T11:35:56.248Z [Quinto] [32minfo[39m: Bot is ready!
2023-10-02T11:35:56.524Z [Quinto] [32minfo[39m: Successfully registered application commands.
2023-10-02T11:35:56.524Z [Quinto] [32minfo[39m: Bot is ready!
2023-10-02T11:37:16.848Z [Quinto] [32minfo[39m: Bot is ready!
2023-10-02T11:37:17.115Z [Quinto] [32minfo[39m: Successfully registered application commands.
2023-10-02T11:37:17.116Z [Quinto] [32minfo[39m: Bot is ready!
2023-10-02T11:38:55.261Z [Quinto] [32minfo[39m: Bot is ready!
2023-10-02T11:38:55.507Z [Quinto] [32minfo[39m: Successfully registered application commands.
2023-10-02T11:38:55.508Z [Quinto] [32minfo[39m: Bot is ready!
2023-10-02T11:40:31.391Z [Quinto] [32minfo[39m: Bot is ready!
2023-10-02T11:40:31.649Z [Quinto] [32minfo[39m: Successfully registered application commands.
2023-10-02T11:40:31.650Z [Quinto] [32minfo[39m: Bot is ready!
2023-10-02 13:42:14 [Quinto] [32minfo[39m: Bot is ready!
2023-10-02 13:42:14 [Quinto] [32minfo[39m: Successfully registered application commands.
2023-10-02 13:42:14 [Quinto] [32minfo[39m: Bot is ready!
2023-10-02 13:42:54 [Quinto] [32minfo[39m: Bot is logged in!
2023-10-02 13:42:54 [Quinto] [32minfo[39m: Successfully registered application commands.
2023-10-02 13:42:54 [Quinto] [32minfo[39m: Bot is ready!
